系统正在启动中......
系统启动正常......
进入登录窗体......
1 : 1
e.getActionCommand() = sys_subject;EventName = 
e.getActionCommand() = sys_class;EventName = 
执行的集合查询为 :select gradeID,gradeName from tb_gradeinfo
ProduceMaxBh.sqlStr :SELECT MAX(classID) FROM tb_classinfo where gradeID = '01'
maxbh = 0101
102
substr = 0102
newbh = 0102
e.getActionCommand() = JF_view_student;EventName = 
执行的集合查询为 :select gradeID,gradeName from tb_gradeinfo
执行的集合查询为 :select classID,className from tb_classinfo where gradeID = '01'
e.getActionCommand() = JF_view_gradesub;EventName = 
执行的集合查询为 :SELECT * FROM tb_examkinds
执行的集合查询为 :select * from tb_classinfo
执行的集合查询为 :select * from tb_subject
e.getActionCommand() = JF_view_query_jbqk;EventName = 
zdname = s.stuid
tabname = SELECT s.stuid, c.className, s.stuname, s.sex, s.age, s.addr, s.phone FROM tb_studentinfo s ,tb_classinfo c where s.classID = c.classID
ysfname = like
e.getActionCommand() = JF_view_query_grade_mx;EventName = 
执行的集合查询为 :SELECT * FROM tb_examkinds
执行的集合查询为 :select * from tb_classinfo
e.getActionCommand() = JF_view_query_grade_hz;EventName = 
执行的集合查询为 :SELECT * FROM tb_examkinds
执行的集合查询为 :select * from tb_gradeinfo
e.getActionCommand() = JB_EXIT;EventName = 
